<?xml version="1.0" encoding="utf-8"?><testsuites name="pytest tests"><testsuite name="pytest" errors="0" failures="0" skipped="1" tests="27" time="7.757" timestamp="2026-08-17T08:49:07.160252+00:00" hostname="agent-env-120f8944-ecf6-46c6-853d-98978649e00f"><testcase classname="tests.backend_test.TestAuth" name="test_login_email" time="0.438" /><testcase classname="tests.backend_test.TestAuth" name="test_login_username" time="0.521" /><testcase classname="tests.backend_test.TestNewFeatures" name="test_org_logo_upload_admin" time="2.142" /><testcase classname="tests.backend_test.TestAuth" name="test_login_invalid" time="0.314" /><testcase classname="tests.backend_test.TestAuth" name="test_me" time="0.628" /><testcase classname="tests.backend_test.TestAuth" name="test_register_new_user" time="0.444" /><testcase classname="tests.backend_test.TestAuth" name="test_logout" time="0.262" /><testcase classname="tests.backend_test.TestOrgs" name="test_list_orgs_admin_has_two" time="0.111" /><testcase classname="tests.backend_test.TestNewFeatures" name="test_org_logo_forbidden_for_non_admin" time="0.801" /><testcase classname="tests.backend_test.TestOrgs" name="test_switch_org" time="0.297" /><testcase classname="tests.backend_test.TestNewFeatures" name="test_channels_list_and_create" time="0.736" /><testcase classname="tests.backend_test.TestFiles" name="test_upload_list_toggle_delete" time="1.555" /><testcase classname="tests.backend_test.TestNewFeatures" name="test_channel_empty_name_rejected" time="0.213" /><testcase classname="tests.backend_test.TestNewFeatures" name="test_file_rename" time="1.299" /><testcase classname="tests.backend_test.TestFiles" name="test_daniel_cannot_upload_shared" time="0.543" /><testcase classname="tests.backend_test.TestActivityNotifications" name="test_activity" time="0.124" /><testcase classname="tests.backend_test.TestNewFeatures" name="test_rename_forbidden_other_owner" time="0.548"><skipped type="pytest.skip" message="daniel not in same org">/app/backend/tests/backend_test.py:398: daniel not in same org</skipped></testcase><testcase classname="tests.backend_test.TestActivityNotifications" name="test_notifications" time="0.381" /><testcase classname="tests.backend_test.TestMembers" name="test_list_members" time="0.134" /><testcase classname="tests.backend_test.TestNewFeatures" name="test_note_image_upload" time="0.339" /><testcase classname="tests.backend_test.TestShared" name="test_shared_lists" time="0.357" /><testcase classname="tests.backend_test.TestNotes" name="test_create_get_update_delete_note" time="0.749" /><testcase classname="tests.backend_test.TestLayout" name="test_layout_persist" time="0.244" /><testcase classname="tests.backend_test.TestMessages" name="test_send_and_list" time="0.208" /><testcase classname="tests.backend_test.TestProfile" name="test_profile_update" time="0.116" /><testcase classname="tests.backend_test.TestAppearance" name="test_appearance_persist" time="0.233" /><testcase classname="tests.backend_test.TestSearch" name="test_search" time="0.114" /></testsuite></testsuites>